Flutter crash report; please file at https://github.com/flutter/flutter/issues.

## command

flutter --quiet assemble --depfile /home/abraham/Documents/Myprojects/hilu_flutter/build/app/intermediates/flutter/debug/flutter_build.d --output /home/abraham/Documents/Myprojects/hilu_flutter/build/app/intermediates/flutter/debug -dTargetFile=/home/abraham/Documents/Myprojects/hilu_flutter/lib/main.dart -dTargetPlatform=android -dBuildMode=debug debug_android_application

## exception

FileSystemException: FileSystemException: Failed to decode data using encoding 'utf-8', path = '/home/abraham/Documents/Myprojects/hilu_flutter/.dart_tool/flutter_build/02a508878ce5f240f9dc23e11c20bafb/kernel_snapshot.stamp'

```
#0      _File._tryDecode (dart:io/file_impl.dart:574:7)
#1      _File.readAsStringSync (dart:io/file_impl.dart:594:7)
#2      ForwardingFile.readAsStringSync (package:file/src/forwarding/forwarding_file.dart:103:16)
#3      new Node (package:flutter_tools/src/build_system/build_system.dart:761:34)
#4      Target._toNode (package:flutter_tools/src/build_system/build_system.dart:143:12)
#5      Target._toNode (package:flutter_tools/src/build_system/build_system.dart:148:58)
#6      BuildSystem.build (package:flutter_tools/src/build_system/build_system.dart:487:30)
#7      AssembleCommand.runCommand (package:flutter_tools/src/commands/assemble.dart:189:58)
#8      FlutterCommand.verifyThenRunCommand (package:flutter_tools/src/runner/flutter_command.dart:723:18)
<asynchronous suspension>
#9      FlutterCommand.run.<anonymous closure> (package:flutter_tools/src/runner/flutter_command.dart:620:33)
<asynchronous suspension>
#10     FlutterCommand.run.<anonymous closure> (package:flutter_tools/src/runner/flutter_command.dart)
#11     AppContext.run.<anonymous closure> (package:flutter_tools/src/base/context.dart:150:29)
#12     _rootRun (dart:async/zone.dart:1184:13)
#13     _CustomZone.run (dart:async/zone.dart:1077:19)
#14     _runZoned (dart:async/zone.dart:1619:10)
#15     runZoned (dart:async/zone.dart:1539:10)
#16     AppContext.run (package:flutter_tools/src/base/context.dart:149:18)
#17     FlutterCommand.run (package:flutter_tools/src/runner/flutter_command.dart:610:20)
#18     CommandRunner.runCommand (package:args/command_runner.dart:197:27)
#19     FlutterCommandRunner.runCommand.<anonymous closure> (package:flutter_tools/src/runner/flutter_command_runner.dart:339:21)
<asynchronous suspension>
#20     FlutterCommandRunner.runCommand.<anonymous closure> (package:flutter_tools/src/runner/flutter_command_runner.dart)
#21     AppContext.run.<anonymous closure> (package:flutter_tools/src/base/context.dart:150:29)
#22     _rootRun (dart:async/zone.dart:1184:13)
#23     _CustomZone.run (dart:async/zone.dart:1077:19)
#24     _runZoned (dart:async/zone.dart:1619:10)
#25     runZoned (dart:async/zone.dart:1539:10)
#26     AppContext.run (package:flutter_tools/src/base/context.dart:149:18)
#27     FlutterCommandRunner.runCommand (package:flutter_tools/src/runner/flutter_command_runner.dart:288:19)
#28     CommandRunner.run.<anonymous closure> (package:args/command_runner.dart:112:25)
#29     new Future.sync (dart:async/future.dart:224:31)
#30     CommandRunner.run (package:args/command_runner.dart:112:14)
#31     FlutterCommandRunner.run (package:flutter_tools/src/runner/flutter_command_runner.dart:231:18)
#32     run.<anonymous closure>.<anonymous closure> (package:flutter_tools/runner.dart:63:22)
#33     _rootRun (dart:async/zone.dart:1184:13)
#34     _CustomZone.run (dart:async/zone.dart:1077:19)
#35     _runZoned (dart:async/zone.dart:1619:10)
#36     runZonedGuarded (dart:async/zone.dart:1608:12)
#37     runZoned (dart:async/zone.dart:1536:12)
#38     run.<anonymous closure> (package:flutter_tools/runner.dart:61:18)
<asynchronous suspension>
#39     run.<anonymous closure> (package:flutter_tools/runner.dart)
#40     runInContext.runnerWrapper (package:flutter_tools/src/context_runner.dart:64:18)
<asynchronous suspension>
#41     runInContext.runnerWrapper (package:flutter_tools/src/context_runner.dart)
#42     AppContext.run.<anonymous closure> (package:flutter_tools/src/base/context.dart:150:29)
#43     _rootRun (dart:async/zone.dart:1184:13)
#44     _CustomZone.run (dart:async/zone.dart:1077:19)
#45     _runZoned (dart:async/zone.dart:1619:10)
#46     runZoned (dart:async/zone.dart:1539:10)
#47     AppContext.run (package:flutter_tools/src/base/context.dart:149:18)
#48     runInContext (package:flutter_tools/src/context_runner.dart:67:24)
#49     run (package:flutter_tools/runner.dart:48:10)
#50     main (package:flutter_tools/executable.dart:69:9)
#51     main (file:///home/abraham/Documents/development/flutter/packages/flutter_tools/bin/flutter_tools.dart:8:3)
#52     _startIsolate.<anonymous closure> (dart:isolate-patch/isolate_patch.dart:299:32)
#53     _RawReceivePortImpl._handleMessage (dart:isolate-patch/isolate_patch.dart:168:12)
```

## flutter doctor

```
[✓] Flutter (Channel stable, v1.17.3, on Linux, locale en_US.UTF-8)
    • Flutter version 1.17.3 at /home/abraham/Documents/development/flutter
    • Framework revision b041144f83 (2 weeks ago), 2020-06-04 09:26:11 -0700
    • Engine revision ee76268252
    • Dart version 2.8.4

[!] Android toolchain - develop for Android devices (Android SDK version 29.0.3)
    • Android SDK at /home/abraham/Android/Sdk
    • Platform android-29, build-tools 29.0.3
    • Java binary at: /snap/android-studio/90/android-studio/jre/bin/java
    • Java version OpenJDK Runtime Environment (build 1.8.0_242-release-1644-b3-6222593)
    ! Some Android licenses not accepted.  To resolve this, run: flutter doctor --android-licenses

[✓] Android Studio (version 4.0)
    • Android Studio at /snap/android-studio/90/android-studio
    • Flutter plugin version 46.0.2
    • Dart plugin version 193.7361
    • Java version OpenJDK Runtime Environment (build 1.8.0_242-release-1644-b3-6222593)

[✓] VS Code (version 1.46.0)
    • VS Code at /usr/share/code
    • Flutter extension version 3.11.0

[✓] Connected device (1 available)
    • Android SDK built for x86 • emulator-5554 • android-x86 • Android 10 (API 29) (emulator)

! Doctor found issues in 1 category.
```
